2025-02-18 10:31:52,915 [main] INFO  com.example.demo.DemoApplication         - Starting DemoApplication using Java 23 with PID 4340 (C:\Users\alumno\Spring WorkSpace\demo\target\classes started by alumno in C:\Users\alumno\Spring WorkSpace\demo)
2025-02-18 10:31:52,917 [main] INFO  com.example.demo.DemoApplication         - No active profile set, falling back to 1 default profile: "default"
2025-02-18 10:31:53,485 [main] INFO  o.s.d.r.config.RepositoryConfigurationDelegate - Bootstrapping Spring Data JPA repositories in DEFAULT mode.
2025-02-18 10:31:53,558 [main] INFO  o.s.d.r.config.RepositoryConfigurationDelegate - Finished Spring Data repository scanning in 62 ms. Found 1 JPA repository interface.
2025-02-18 10:31:53,946 [main] INFO  org.hibernate.jpa.internal.util.LogHelper - HHH000204: Processing PersistenceUnitInfo [name: default]
2025-02-18 10:31:54,032 [main] INFO  org.hibernate.Version                    - HHH000412: Hibernate ORM core version 6.6.5.Final
2025-02-18 10:31:54,073 [main] INFO  o.hibernate.cache.internal.RegionFactoryInitiator - HHH000026: Second-level cache disabled
2025-02-18 10:31:54,419 [main] INFO  o.s.o.j.persistenceunit.SpringPersistenceUnitInfo - No LoadTimeWeaver setup: ignoring JPA class transformer
2025-02-18 10:31:54,456 [main] INFO  com.zaxxer.hikari.HikariDataSource       - HikariPool-1 - Starting...
2025-02-18 10:31:54,952 [main] INFO  com.zaxxer.hikari.pool.HikariPool        - HikariPool-1 - Added connection com.mysql.cj.jdbc.ConnectionImpl@255d9277
2025-02-18 10:31:54,954 [main] INFO  com.zaxxer.hikari.HikariDataSource       - HikariPool-1 - Start completed.
2025-02-18 10:31:55,086 [main] INFO  org.hibernate.orm.connections.pooling    - HHH10001005: Database info:
	Database JDBC URL [Connecting through datasource 'HikariDataSource (HikariPool-1)']
	Database driver: undefined/unknown
	Database version: 8.0.40
	Autocommit mode: undefined/unknown
	Isolation level: undefined/unknown
	Minimum pool size: undefined/unknown
	Maximum pool size: undefined/unknown
2025-02-18 10:31:55,731 [main] INFO  o.h.m.internal.EntityInstantiatorPojoStandard - HHH000182: No default (no-argument) constructor for class: com.example.demo.Contacto (class must be instantiated by Interceptor)
2025-02-18 10:31:55,763 [main] INFO  o.h.m.internal.EntityInstantiatorPojoStandard - HHH000182: No default (no-argument) constructor for class: com.example.demo.Alumno (class must be instantiated by Interceptor)
2025-02-18 10:31:55,906 [main] INFO  o.h.e.t.jta.platform.internal.JtaPlatformInitiator - HHH000489: No JTA platform available (set 'hibernate.transaction.jta.platform' to enable JTA platform integration)
2025-02-18 10:31:55,909 [main] INFO  o.s.orm.jpa.LocalContainerEntityManagerFactoryBean - Initialized JPA EntityManagerFactory for persistence unit 'default'
2025-02-18 10:31:56,252 [main] INFO  com.example.demo.DemoApplication         - Started DemoApplication in 3.705 seconds (process running for 4.291)
2025-02-18 10:31:56,261 [SpringApplicationShutdownHook] INFO  o.s.orm.jpa.LocalContainerEntityManagerFactoryBean - Closing JPA EntityManagerFactory for persistence unit 'default'
2025-02-18 10:31:56,263 [SpringApplicationShutdownHook] INFO  com.zaxxer.hikari.HikariDataSource       - HikariPool-1 - Shutdown initiated...
2025-02-18 10:31:56,272 [SpringApplicationShutdownHook] INFO  com.zaxxer.hikari.HikariDataSource       - HikariPool-1 - Shutdown completed.
